<?xml version="1.0" encoding="UTF-8" ?>
<testsuite tests="1" failures="1" name="pruebaORMWS_Test" time="2.809" errors="0" skipped="0">
  <properties>
[...]
</properties>
  <testcase classname="pruebaORMWS_Test" name="addUserTest" time="2.809">
    <failure message="Values should be different. Actual: 0" type="java.lang.AssertionError">java.lang.AssertionError: Values should be different. Actual: 0
	at org.junit.Assert.fail(Assert.java:89)
	at org.junit.Assert.failEquals(Assert.java:187)
	at org.junit.Assert.assertNotEquals(Assert.java:201)
	at org.junit.Assert.assertNotEquals(Assert.java:213)
	at pruebaORMWS_Test.addUserTest(pruebaORMWS_Test.java:18)
	at sun.reflect.NativeMethodAccessorImpl.invoke0(Native Method)
	at sun.reflect.NativeMethodAccessorImpl.invoke(NativeMethodAccessorImpl.java:62)
	at sun.reflect.DelegatingMethodAccessorImpl.invoke(DelegatingMethodAccessorImpl.java:43)
	at java.lang.reflect.Method.invoke(Method.java:498)
	at org.junit.runners.model.FrameworkMethod$1.runReflectiveCall(FrameworkMethod.java:59)
	at org.junit.internal.runners.model.ReflectiveCallable.run(ReflectiveCallable.java:12)
	at org.junit.runners.model.FrameworkMethod.invokeExplosively(FrameworkMethod.java:56)
	at org.junit.internal.runners.statements.InvokeMethod.evaluate(InvokeMethod.java:17)
	at org.junit.runners.ParentRunner$3.evaluate(ParentRunner.java:305)
	at org.junit.runners.BlockJUnit4ClassRunner$1.evaluate(BlockJUnit4ClassRunner.java:100)
	at org.junit.runners.ParentRunner.runLeaf(ParentRunner.java:365)
	at org.junit.runners.BlockJUnit4ClassRunner.runChild(BlockJUnit4ClassRunner.java:103)
	at org.junit.runners.BlockJUnit4ClassRunner.runChild(BlockJUnit4ClassRunner.java:63)
	at org.junit.runners.ParentRunner$4.run(ParentRunner.java:330)
	at org.junit.runners.ParentRunner$1.schedule(ParentRunner.java:78)
	at org.junit.runners.ParentRunner.runChildren(ParentRunner.java:328)
	at org.junit.runners.ParentRunner.access$100(ParentRunner.java:65)
	at org.junit.runners.ParentRunner$2.evaluate(ParentRunner.java:292)
	at org.junit.runners.ParentRunner$3.evaluate(ParentRunner.java:305)
	at org.junit.runners.ParentRunner.run(ParentRunner.java:412)
	at org.apache.maven.surefire.junit4.JUnit4Provider.execute(JUnit4Provider.java:252)
	at org.apache.maven.surefire.junit4.JUnit4Provider.executeTestSet(JUnit4Provider.java:141)
	at org.apache.maven.surefire.junit4.JUnit4Provider.invoke(JUnit4Provider.java:112)
	at sun.reflect.NativeMethodAccessorImpl.invoke0(Native Method)
	at sun.reflect.NativeMethodAccessorImpl.invoke(NativeMethodAccessorImpl.java:62)
	at sun.reflect.DelegatingMethodAccessorImpl.invoke(DelegatingMethodAccessorImpl.java:43)
	at java.lang.reflect.Method.invoke(Method.java:498)
	at org.apache.maven.surefire.util.ReflectionUtils.invokeMethodWithArray(ReflectionUtils.java:189)
	at org.apache.maven.surefire.booter.ProviderFactory$ProviderProxy.invoke(ProviderFactory.java:165)
	at org.apache.maven.surefire.booter.ProviderFactory.invokeProvider(ProviderFactory.java:85)
	at org.apache.maven.surefire.booter.ForkedBooter.runSuitesInProcess(ForkedBooter.java:115)
	at org.apache.maven.surefire.booter.ForkedBooter.main(ForkedBooter.java:75)
</failure>
    <system-out>[EL Fine]: server: 2020-12-05 12:42:08.21--Thread(Thread[main,5,main])--Configured server platform: org.eclipse.persistence.platform.server.NoServerPlatform
[EL Config]: metadata: 2020-12-05 12:42:08.51--ServerSession(1579526446)--Thread(Thread[main,5,main])--The access type for the persistent class [class ucab.dsw.entidades.EntidadBase] is set to [FIELD].
[EL Config]: metadata: 2020-12-05 12:42:08.583--ServerSession(1579526446)--Thread(Thread[main,5,main])--The access type for the persistent class [class ucab.dsw.entidades.Marca] is set to [FIELD].
[EL Config]: metadata: 2020-12-05 12:42:08.601--ServerSession(1579526446)--Thread(Thread[main,5,main])--The target entity (reference) class for the many to one mapping element [field _subcategoria] is being defaulted to: class ucab.dsw.entidades.Subcategoria.
[EL Config]: metadata: 2020-12-05 12:42:08.614--ServerSession(1579526446)--Thread(Thread[main,5,main])--The target entity (reference) class for the one to many mapping element [field _encuesta] is being defaulted to: class ucab.dsw.entidades.Encuesta.
[EL Config]: metadata: 2020-12-05 12:42:08.616--ServerSession(1579526446)--Thread(Thread[main,5,main])--The access type for the persistent class [class ucab.dsw.entidades.SolicitudEstudio] is set to [FIELD].
[EL Config]: metadata: 2020-12-05 12:42:08.618--ServerSession(1579526446)--Thread(Thread[main,5,main])--The target entity (reference) class for the many to one mapping element [field _cliente] is being defaulted to: class ucab.dsw.entidades.Cliente.
[EL Config]: metadata: 2020-12-05 12:42:08.618--ServerSession(1579526446)--Thread(Thread[main,5,main])--The target entity (reference) class for the one to many mapping element [field _participacion] is being defaulted to: class ucab.dsw.entidades.Participacion.
[EL Config]: metadata: 2020-12-05 12:42:08.619--ServerSession(1579526446)--Thread(Thread[main,5,main])--The target entity (reference) class for the many to one mapping element [field _usuario] is being defaulted to: class ucab.dsw.entidades.Usuario.
[EL Config]: metadata: 2020-12-05 12:42:08.62--ServerSession(1579526446)--Thread(Thread[main,5,main])--The target entity (reference) class for the many to one mapping element [field _encuesta] is being defaulted to: class ucab.dsw.entidades.Encuesta.
[EL Config]: metadata: 2020-12-05 12:42:08.621--ServerSession(1579526446)--Thread(Thread[main,5,main])--The target entity (reference) class for the many to one mapping element [field _caracteristicademografica] is being defaulted to: class ucab.dsw.entidades.Caracteristica_Demografica.
[EL Config]: metadata: 2020-12-05 12:42:08.623--ServerSession(1579526446)--Thread(Thread[main,5,main])--The access type for the persistent class [class ucab.dsw.entidades.OpcionSimpleMultiple] is set to [FIELD].
[EL Config]: metadata: 2020-12-05 12:42:08.624--ServerSession(1579526446)--Thread(Thread[main,5,main])--The target entity (reference) class for the many to one mapping element [field _pregunta] is being defaulted to: class ucab.dsw.entidades.Pregunta.
[EL Config]: metadata: 2020-12-05 12:42:08.624--ServerSession(1579526446)--Thread(Thread[main,5,main])--The target entity (reference) class for the one to many mapping element [field _respuestaopcion] is being defaulted to: class ucab.dsw.entidades.RespuestaOpcion.
[EL Config]: metadata: 2020-12-05 12:42:08.624--ServerSession(1579526446)--Thread(Thread[main,5,main])--The access type for the persistent class [class ucab.dsw.entidades.Metodo_conexion] is set to [FIELD].
[EL Config]: metadata: 2020-12-05 12:42:08.625--ServerSession(1579526446)--Thread(Thread[main,5,main])--The target entity (reference) class for the one to many mapping element [field _metodo_Conexion_Encuestado] is being defaulted to: class ucab.dsw.entidades.Metodo_Conexion_Encuestado.
[EL Config]: metadata: 2020-12-05 12:42:08.626--ServerSession(1579526446)--Thread(Thread[main,5,main])--The access type for the persistent class [class ucab.dsw.entidades.Cliente] is set to [FIELD].
[EL Config]: metadata: 2020-12-05 12:42:08.626--ServerSession(1579526446)--Thread(Thread[main,5,main])--The target entity (reference) class for the many to one mapping element [field _usuario_cliente] is being defaulted to: class ucab.dsw.entidades.Usuario.
[EL Config]: metadata: 2020-12-05 12:42:08.627--ServerSession(1579526446)--Thread(Thread[main,5,main])--The target entity (reference) class for the one to many mapping element [field _solicitudestudio] is being defaulted to: class ucab.dsw.entidades.SolicitudEstudio.
[EL Config]: metadata: 2020-12-05 12:42:08.628--ServerSession(1579526446)--Thread(Thread[main,5,main])--The access type for the persistent class [class ucab.dsw.entidades.Usuario] is set to [FIELD].
[EL Config]: metadata: 2020-12-05 12:42:08.628--ServerSession(1579526446)--Thread(Thread[main,5,main])--The target entity (reference) class for the one to many mapping element [field _cliente] is being defaulted to: class ucab.dsw.entidades.Cliente.
[EL Config]: metadata: 2020-12-05 12:42:08.629--ServerSession(1579526446)--Thread(Thread[main,5,main])--The target entity (reference) class for the one to many mapping element [field _encuestado] is being defaulted to: class ucab.dsw.entidades.Encuestado.
[EL Config]: metadata: 2020-12-05 12:42:08.63--ServerSession(1579526446)--Thread(Thread[main,5,main])--The target entity (reference) class for the one to many mapping element [field _solicitudestudio] is being defaulted to: class ucab.dsw.entidades.SolicitudEstudio.
[EL Config]: metadata: 2020-12-05 12:42:08.631--ServerSession(1579526446)--Thread(Thread[main,5,main])--The access type for the persistent class [class ucab.dsw.entidades.Tipo] is set to [FIELD].
[EL Config]: metadata: 2020-12-05 12:42:08.631--ServerSession(1579526446)--Thread(Thread[main,5,main])--The target entity (reference) class for the one to many mapping element [field _encuestatipo] is being defaulted to: class ucab.dsw.entidades.EncuestaTipo.
[EL Config]: metadata: 2020-12-05 12:42:08.632--ServerSession(1579526446)--Thread(Thread[main,5,main])--The target entity (reference) class for the one to many mapping element [field _presentacion] is being defaulted to: class ucab.dsw.entidades.Presentacion.
[EL Config]: metadata: 2020-12-05 12:42:08.634--ServerSession(1579526446)--Thread(Thread[main,5,main])--The access type for the persistent class [class ucab.dsw.entidades.Ciudad] is set to [FIELD].
[EL Config]: metadata: 2020-12-05 12:42:08.634--ServerSession(1579526446)--Thread(Thread[main,5,main])--The target entity (reference) class for the many to one mapping element [field _estado] is being defaulted to: class ucab.dsw.entidades.Estado.
[EL Config]: metadata: 2020-12-05 12:42:08.636--ServerSession(1579526446)--Thread(Thread[main,5,main])--The target entity (reference) class for the one to many mapping element [field _parroquia] is being defaulted to: class ucab.dsw.entidades.Parroquia.
[EL Config]: metadata: 2020-12-05 12:42:08.638--ServerSession(1579526446)--Thread(Thread[main,5,main])--The access type for the persistent class [class ucab.dsw.entidades.Encuestado] is set to [FIELD].
[EL Config]: metadata: 2020-12-05 12:42:08.64--ServerSession(1579526446)--Thread(Thread[main,5,main])--The target entity (reference) class for the one to many mapping element [field _ocupacion_Encuestado] is being defaulted to: class ucab.dsw.entidades.Ocupacion_Encuestado.
[EL Config]: metadata: 2020-12-05 12:42:08.641--ServerSession(1579526446)--Thread(Thread[main,5,main])--The target entity (reference) class for the many to one mapping element [field _usuario_encuestado] is being defaulted to: class ucab.dsw.entidades.Usuario.
[EL Config]: metadata: 2020-12-05 12:42:08.642--ServerSession(1579526446)--Thread(Thread[main,5,main])--The target entity (reference) class for the one to many mapping element [field _hijo] is being defaulted to: class ucab.dsw.entidades.Hijo.
[EL Config]: metadata: 2020-12-05 12:42:08.643--ServerSession(1579526446)--Thread(Thread[main,5,main])--The target entity (reference) class for the many to one mapping element [field _Parroquia_encuestado] is being defaulted to: class ucab.dsw.entidades.Parroquia.
[EL Config]: metadata: 2020-12-05 12:42:08.644--ServerSession(1579526446)--Thread(Thread[main,5,main])--The target entity (reference) class for the one to many mapping element [field _participacion] is being defaulted to: class ucab.dsw.entidades.Participacion.
[EL Config]: metadata: 2020-12-05 12:42:08.645--ServerSession(1579526446)--Thread(Thread[main,5,main])--The target entity (reference) class for the one to many mapping element [field _metodo_Conexion_Encuestado] is being defaulted to: class ucab.dsw.entidades.Metodo_Conexion_Encuestado.
[EL Config]: metadata: 2020-12-05 12:42:08.646--ServerSession(1579526446)--Thread(Thread[main,5,main])--The target entity (reference) class for the many to one mapping element [field _nivel_academico_encuestado] is being defaulted to: class ucab.dsw.entidades.Nivel_Academico.
[EL Config]: metadata: 2020-12-05 12:42:08.648--ServerSession(1579526446)--Thread(Thread[main,5,main])--The target entity (reference) class for the one to many mapping element [field _telefono] is being defaulted to: class ucab.dsw.entidades.Telefono.
[EL Config]: metadata: 2020-12-05 12:42:08.648--ServerSession(1579526446)--Thread(Thread[main,5,main])--The access type for the persistent class [class ucab.dsw.entidades.PreguntaEncuesta] is set to [FIELD].
[EL Config]: metadata: 2020-12-05 12:42:08.649--ServerSession(1579526446)--Thread(Thread[main,5,main])--The target entity (reference) class for the many to one mapping element [field _pregunta] is being defaulted to: class ucab.dsw.entidades.Pregunta.
[EL Config]: metadata: 2020-12-05 12:42:08.65--ServerSession(1579526446)--Thread(Thread[main,5,main])--The target entity (reference) class for the many to one mapping element [field _encuesta] is being defaulted to: class ucab.dsw.entidades.Encuesta.
[EL Config]: metadata: 2020-12-05 12:42:08.65--ServerSession(1579526446)--Thread(Thread[main,5,main])--The target entity (reference) class for the one to many mapping element [field _respuesta] is being defaulted to: class ucab.dsw.entidades.Respuesta.
[EL Config]: metadata: 2020-12-05 12:42:08.651--ServerSession(1579526446)--Thread(Thread[main,5,main])--The access type for the persistent class [class ucab.dsw.entidades.Respuesta] is set to [FIELD].
[EL Config]: metadata: 2020-12-05 12:42:08.652--ServerSession(1579526446)--Thread(Thread[main,5,main])--The target entity (reference) class for the many to one mapping element [field _participacion] is being defaulted to: class ucab.dsw.entidades.Participacion.
[EL Config]: metadata: 2020-12-05 12:42:08.654--ServerSession(1579526446)--Thread(Thread[main,5,main])--The target entity (reference) class for the one to many mapping element [field _respuestaopcion] is being defaulted to: class ucab.dsw.entidades.RespuestaOpcion.
[EL Config]: metadata: 2020-12-05 12:42:08.654--ServerSession(1579526446)--Thread(Thread[main,5,main])--The target entity (reference) class for the many to one mapping element [field _preguntaencuesta] is being defaulted to: class ucab.dsw.entidades.PreguntaEncuesta.
[EL Config]: metadata: 2020-12-05 12:42:08.655--ServerSession(1579526446)--Thread(Thread[main,5,main])--The access type for the persistent class [class ucab.dsw.entidades.RespuestaOpcion] is set to [FIELD].
[EL Config]: metadata: 2020-12-05 12:42:08.656--ServerSession(1579526446)--Thread(Thread[main,5,main])--The target entity (reference) class for the many to one mapping element [field _opcionsimplemultiple] is being defaulted to: class ucab.dsw.entidades.OpcionSimpleMultiple.
[EL Config]: metadata: 2020-12-05 12:42:08.656--ServerSession(1579526446)--Thread(Thread[main,5,main])--The target entity (reference) class for the many to one mapping element [field _respuesta] is being defaulted to: class ucab.dsw.entidades.Respuesta.
[EL Config]: metadata: 2020-12-05 12:42:08.657--ServerSession(1579526446)--Thread(Thread[main,5,main])--The access type for the persistent class [class ucab.dsw.entidades.Estado] is set to [FIELD].
[EL Config]: metadata: 2020-12-05 12:42:08.658--ServerSession(1579526446)--Thread(Thread[main,5,main])--The target entity (reference) class for the many to one mapping element [field _pais] is being defaulted to: class ucab.dsw.entidades.Pais.
[EL Config]: metadata: 2020-12-05 12:42:08.658--ServerSession(1579526446)--Thread(Thread[main,5,main])--The target entity (reference) class for the one to many mapping element [field _ciudad] is being defaulted to: class ucab.dsw.entidades.Ciudad.
[EL Config]: metadata: 2020-12-05 12:42:08.661--ServerSession(1579526446)--Thread(Thread[main,5,main])--The access type for the persistent class [class ucab.dsw.entidades.Nivel_Academico] is set to [FIELD].
[EL Config]: metadata: 2020-12-05 12:42:08.662--ServerSession(1579526446)--Thread(Thread[main,5,main])--The target entity (reference) class for the one to many mapping element [field _caracteristica_Demografica] is being defaulted to: class ucab.dsw.entidades.Caracteristica_Demografica.
[EL Config]: metadata: 2020-12-05 12:42:08.662--ServerSession(1579526446)--Thread(Thread[main,5,main])--The target entity (reference) class for the one to many mapping element [field _encuestado] is being defaulted to: class ucab.dsw.entidades.Encuestado.
[EL Config]: metadata: 2020-12-05 12:42:08.663--ServerSession(1579526446)--Thread(Thread[main,5,main])--The access type for the persistent class [class ucab.dsw.entidades.Telefono] is set to [FIELD].
[EL Config]: metadata: 2020-12-05 12:42:08.664--ServerSession(1579526446)--Thread(Thread[main,5,main])--The target entity (reference) class for the many to one mapping element [field _encuestado_telefono] is being defaulted to: class ucab.dsw.entidades.Encuestado.
[EL Config]: metadata: 2020-12-05 12:42:08.665--ServerSession(1579526446)--Thread(Thread[main,5,main])--The access type for the persistent class [class ucab.dsw.entidades.Categoria] is set to [FIELD].
[EL Config]: metadata: 2020-12-05 12:42:08.666--ServerSession(1579526446)--Thread(Thread[main,5,main])--The target entity (reference) class for the one to many mapping element [field _subcategoria] is being defaulted to: class ucab.dsw.entidades.Subcategoria.
[EL Config]: metadata: 2020-12-05 12:42:08.667--ServerSession(1579526446)--Thread(Thread[main,5,main])--The access type for the persistent class [class ucab.dsw.entidades.Subcategoria] is set to [FIELD].
[EL Config]: metadata: 2020-12-05 12:42:08.668--ServerSession(1579526446)--Thread(Thread[main,5,main])--The target entity (reference) class for the many to one mapping element [field _categoria] is being defaulted to: class ucab.dsw.entidades.Categoria.
[EL Config]: metadata: 2020-12-05 12:42:08.668--ServerSession(1579526446)--Thread(Thread[main,5,main])--The target entity (reference) class for the one to many mapping element [field _marca] is being defaulted to: class ucab.dsw.entidades.Marca.
[EL Config]: metadata: 2020-12-05 12:42:08.669--ServerSession(1579526446)--Thread(Thread[main,5,main])--The access type for the persistent class [class ucab.dsw.entidades.Caracteristica_Demografica] is set to [FIELD].
[EL Config]: metadata: 2020-12-05 12:42:08.671--ServerSession(1579526446)--Thread(Thread[main,5,main])--The target entity (reference) class for the many to one mapping element [field _Parroquia_demografia] is being defaulted to: class ucab.dsw.entidades.Parroquia.
[EL Config]: metadata: 2020-12-05 12:42:08.672--ServerSession(1579526446)--Thread(Thread[main,5,main])--The target entity (reference) class for the one to many mapping element [field _solicitudestudio] is being defaulted to: class ucab.dsw.entidades.SolicitudEstudio.
[EL Config]: metadata: 2020-12-05 12:42:08.674--ServerSession(1579526446)--Thread(Thread[main,5,main])--The target entity (reference) class for the many to one mapping element [field _nivel_academico_demografia] is being defaulted to: class ucab.dsw.entidades.Nivel_Academico.
[EL Config]: metadata: 2020-12-05 12:42:08.676--ServerSession(1579526446)--Thread(Thread[main,5,main])--The access type for the persistent class [class ucab.dsw.entidades.Pregunta] is set to [FIELD].
[EL Config]: metadata: 2020-12-05 12:42:08.678--ServerSession(1579526446)--Thread(Thread[main,5,main])--The target entity (reference) class for the one to many mapping element [field _preguntaencuesta] is being defaulted to: class ucab.dsw.entidades.PreguntaEncuesta.
[EL Config]: metadata: 2020-12-05 12:42:08.679--ServerSession(1579526446)--Thread(Thread[main,5,main])--The target entity (reference) class for the one to many mapping element [field _opcionsimplemultiple] is being defaulted to: class ucab.dsw.entidades.OpcionSimpleMultiple.
[EL Config]: metadata: 2020-12-05 12:42:08.68--ServerSession(1579526446)--Thread(Thread[main,5,main])--The access type for the persistent class [class ucab.dsw.entidades.Parroquia] is set to [FIELD].
[EL Config]: metadata: 2020-12-05 12:42:08.681--ServerSession(1579526446)--Thread(Thread[main,5,main])--The target entity (reference) class for the one to many mapping element [field _caracteristica_Demografica] is being defaulted to: class ucab.dsw.entidades.Caracteristica_Demografica.
[EL Config]: metadata: 2020-12-05 12:42:08.682--ServerSession(1579526446)--Thread(Thread[main,5,main])--The target entity (reference) class for the one to many mapping element [field _encuestado] is being defaulted to: class ucab.dsw.entidades.Encuestado.
[EL Config]: metadata: 2020-12-05 12:42:08.682--ServerSession(1579526446)--Thread(Thread[main,5,main])--The target entity (reference) class for the many to one mapping element [field _ciudad] is being defaulted to: class ucab.dsw.entidades.Ciudad.
[EL Config]: metadata: 2020-12-05 12:42:08.684--ServerSession(1579526446)--Thread(Thread[main,5,main])--The access type for the persistent class [class ucab.dsw.entidades.Encuesta] is set to [FIELD].
[EL Config]: metadata: 2020-12-05 12:42:08.684--ServerSession(1579526446)--Thread(Thread[main,5,main])--The target entity (reference) class for the one to many mapping element [field _encuestatipo] is being defaulted to: class ucab.dsw.entidades.EncuestaTipo.
[EL Config]: metadata: 2020-12-05 12:42:08.686--ServerSession(1579526446)--Thread(Thread[main,5,main])--The target entity (reference) class for the many to one mapping element [field _marca] is being defaulted to: class ucab.dsw.entidades.Marca.
[EL Config]: metadata: 2020-12-05 12:42:08.686--ServerSession(1579526446)--Thread(Thread[main,5,main])--The target entity (reference) class for the one to many mapping element [field _solicitudestudio] is being defaulted to: class ucab.dsw.entidades.SolicitudEstudio.
[EL Config]: metadata: 2020-12-05 12:42:08.686--ServerSession(1579526446)--Thread(Thread[main,5,main])--The target entity (reference) class for the one to many mapping element [field _preguntaencuesta] is being defaulted to: class ucab.dsw.entidades.PreguntaEncuesta.
[EL Config]: metadata: 2020-12-05 12:42:08.687--ServerSession(1579526446)--Thread(Thread[main,5,main])--The access type for the persistent class [class ucab.dsw.entidades.Pais] is set to [FIELD].
[EL Config]: metadata: 2020-12-05 12:42:08.688--ServerSession(1579526446)--Thread(Thread[main,5,main])--The target entity (reference) class for the one to many mapping element [field _estado] is being defaulted to: class ucab.dsw.entidades.Estado.
[EL Config]: metadata: 2020-12-05 12:42:08.689--ServerSession(1579526446)--Thread(Thread[main,5,main])--The access type for the persistent class [class ucab.dsw.entidades.EncuestaTipo] is set to [FIELD].
[EL Config]: metadata: 2020-12-05 12:42:08.69--ServerSession(1579526446)--Thread(Thread[main,5,main])--The target entity (reference) class for the many to one mapping element [field _tipo] is being defaulted to: class ucab.dsw.entidades.Tipo.
[EL Config]: metadata: 2020-12-05 12:42:08.691--ServerSession(1579526446)--Thread(Thread[main,5,main])--The target entity (reference) class for the many to one mapping element [field _encuesta] is being defaulted to: class ucab.dsw.entidades.Encuesta.
[EL Config]: metadata: 2020-12-05 12:42:08.691--ServerSession(1579526446)--Thread(Thread[main,5,main])--The access type for the persistent class [class ucab.dsw.entidades.Ocupacion] is set to [FIELD].
[EL Config]: metadata: 2020-12-05 12:42:08.692--ServerSession(1579526446)--Thread(Thread[main,5,main])--The target entity (reference) class for the one to many mapping element [field _ocupacion_Encuestado] is being defaulted to: class ucab.dsw.entidades.Ocupacion_Encuestado.
[EL Config]: metadata: 2020-12-05 12:42:08.693--ServerSession(1579526446)--Thread(Thread[main,5,main])--The access type for the persistent class [class ucab.dsw.entidades.Presentacion] is set to [FIELD].
[EL Config]: metadata: 2020-12-05 12:42:08.694--ServerSession(1579526446)--Thread(Thread[main,5,main])--The target entity (reference) class for the many to one mapping element [field _tipo] is being defaulted to: class ucab.dsw.entidades.Tipo.
[EL Config]: metadata: 2020-12-05 12:42:08.695--ServerSession(1579526446)--Thread(Thread[main,5,main])--The access type for the persistent class [class ucab.dsw.entidades.Participacion] is set to [FIELD].
[EL Config]: metadata: 2020-12-05 12:42:08.696--ServerSession(1579526446)--Thread(Thread[main,5,main])--The target entity (reference) class for the many to one mapping element [field _encuestado] is being defaulted to: class ucab.dsw.entidades.Encuestado.
[EL Config]: metadata: 2020-12-05 12:42:08.697--ServerSession(1579526446)--Thread(Thread[main,5,main])--The target entity (reference) class for the many to one mapping element [field _solicitudestudio] is being defaulted to: class ucab.dsw.entidades.SolicitudEstudio.
[EL Config]: metadata: 2020-12-05 12:42:08.697--ServerSession(1579526446)--Thread(Thread[main,5,main])--The target entity (reference) class for the one to many mapping element [field _respuesta] is being defaulted to: class ucab.dsw.entidades.Respuesta.
[EL Config]: metadata: 2020-12-05 12:42:08.698--ServerSession(1579526446)--Thread(Thread[main,5,main])--The access type for the persistent class [class ucab.dsw.entidades.Hijo] is set to [FIELD].
[EL Config]: metadata: 2020-12-05 12:42:08.699--ServerSession(1579526446)--Thread(Thread[main,5,main])--The target entity (reference) class for the many to one mapping element [field _encuestado_hijo] is being defaulted to: class ucab.dsw.entidades.Encuestado.
[EL Config]: metadata: 2020-12-05 12:42:08.699--ServerSession(1579526446)--Thread(Thread[main,5,main])--The access type for the persistent class [class ucab.dsw.entidades.Ocupacion_Encuestado] is set to [FIELD].
[EL Config]: metadata: 2020-12-05 12:42:08.7--ServerSession(1579526446)--Thread(Thread[main,5,main])--The target entity (reference) class for the many to one mapping element [field _ocupacion] is being defaulted to: class ucab.dsw.entidades.Ocupacion.
[EL Config]: metadata: 2020-12-05 12:42:08.7--ServerSession(1579526446)--Thread(Thread[main,5,main])--The target entity (reference) class for the many to one mapping element [field _encuestado_ocupacion] is being defaulted to: class ucab.dsw.entidades.Encuestado.
[EL Config]: metadata: 2020-12-05 12:42:08.702--ServerSession(1579526446)--Thread(Thread[main,5,main])--The access type for the persistent class [class ucab.dsw.entidades.Metodo_Conexion_Encuestado] is set to [FIELD].
[EL Config]: metadata: 2020-12-05 12:42:08.702--ServerSession(1579526446)--Thread(Thread[main,5,main])--The target entity (reference) class for the many to one mapping element [field _encuestado_metodo_conexion] is being defaulted to: class ucab.dsw.entidades.Encuestado.
[EL Config]: metadata: 2020-12-05 12:42:08.703--ServerSession(1579526446)--Thread(Thread[main,5,main])--The target entity (reference) class for the many to one mapping element [field _metodo_conexion] is being defaulted to: class ucab.dsw.entidades.Metodo_conexion.
[EL Config]: metadata: 2020-12-05 12:42:08.717--ServerSession(1579526446)--Thread(Thread[main,5,main])--The alias name for the entity class [class ucab.dsw.entidades.Marca] is being defaulted to: Marca.
[EL Config]: metadata: 2020-12-05 12:42:08.752--ServerSession(1579526446)--Thread(Thread[main,5,main])--The alias name for the entity class [class ucab.dsw.entidades.SolicitudEstudio] is being defaulted to: SolicitudEstudio.
[EL Config]: metadata: 2020-12-05 12:42:08.755--ServerSession(1579526446)--Thread(Thread[main,5,main])--The alias name for the entity class [class ucab.dsw.entidades.OpcionSimpleMultiple] is being defaulted to: OpcionSimpleMultiple.
[EL Config]: metadata: 2020-12-05 12:42:08.757--ServerSession(1579526446)--Thread(Thread[main,5,main])--The alias name for the entity class [class ucab.dsw.entidades.Metodo_conexion] is being defaulted to: Metodo_conexion.
[EL Config]: metadata: 2020-12-05 12:42:08.759--ServerSession(1579526446)--Thread(Thread[main,5,main])--The alias name for the entity class [class ucab.dsw.entidades.Cliente] is being defaulted to: Cliente.
[EL Config]: metadata: 2020-12-05 12:42:08.761--ServerSession(1579526446)--Thread(Thread[main,5,main])--The alias name for the entity class [class ucab.dsw.entidades.Usuario] is being defaulted to: Usuario.
[EL Config]: metadata: 2020-12-05 12:42:08.762--ServerSession(1579526446)--Thread(Thread[main,5,main])--The alias name for the entity class [class ucab.dsw.entidades.Tipo] is being defaulted to: Tipo.
[EL Config]: metadata: 2020-12-05 12:42:08.763--ServerSession(1579526446)--Thread(Thread[main,5,main])--The alias name for the entity class [class ucab.dsw.entidades.Ciudad] is being defaulted to: Ciudad.
[EL Config]: metadata: 2020-12-05 12:42:08.763--ServerSession(1579526446)--Thread(Thread[main,5,main])--The alias name for the entity class [class ucab.dsw.entidades.Encuestado] is being defaulted to: Encuestado.
[EL Config]: metadata: 2020-12-05 12:42:08.764--ServerSession(1579526446)--Thread(Thread[main,5,main])--The alias name for the entity class [class ucab.dsw.entidades.PreguntaEncuesta] is being defaulted to: PreguntaEncuesta.
[EL Config]: metadata: 2020-12-05 12:42:08.765--ServerSession(1579526446)--Thread(Thread[main,5,main])--The alias name for the entity class [class ucab.dsw.entidades.Respuesta] is being defaulted to: Respuesta.
[EL Config]: metadata: 2020-12-05 12:42:08.766--ServerSession(1579526446)--Thread(Thread[main,5,main])--The alias name for the entity class [class ucab.dsw.entidades.RespuestaOpcion] is being defaulted to: RespuestaOpcion.
[EL Config]: metadata: 2020-12-05 12:42:08.767--ServerSession(1579526446)--Thread(Thread[main,5,main])--The alias name for the entity class [class ucab.dsw.entidades.Estado] is being defaulted to: Estado.
[EL Config]: metadata: 2020-12-05 12:42:08.768--ServerSession(1579526446)--Thread(Thread[main,5,main])--The alias name for the entity class [class ucab.dsw.entidades.Nivel_Academico] is being defaulted to: Nivel_Academico.
[EL Config]: metadata: 2020-12-05 12:42:08.768--ServerSession(1579526446)--Thread(Thread[main,5,main])--The alias name for the entity class [class ucab.dsw.entidades.Telefono] is being defaulted to: Telefono.
[EL Config]: metadata: 2020-12-05 12:42:08.769--ServerSession(1579526446)--Thread(Thread[main,5,main])--The alias name for the entity class [class ucab.dsw.entidades.Categoria] is being defaulted to: Categoria.
[EL Config]: metadata: 2020-12-05 12:42:08.77--ServerSession(1579526446)--Thread(Thread[main,5,main])--The alias name for the entity class [class ucab.dsw.entidades.Subcategoria] is being defaulted to: Subcategoria.
[EL Config]: metadata: 2020-12-05 12:42:08.77--ServerSession(1579526446)--Thread(Thread[main,5,main])--The alias name for the entity class [class ucab.dsw.entidades.Caracteristica_Demografica] is being defaulted to: Caracteristica_Demografica.
[EL Config]: metadata: 2020-12-05 12:42:08.771--ServerSession(1579526446)--Thread(Thread[main,5,main])--The alias name for the entity class [class ucab.dsw.entidades.Pregunta] is being defaulted to: Pregunta.
[EL Config]: metadata: 2020-12-05 12:42:08.772--ServerSession(1579526446)--Thread(Thread[main,5,main])--The alias name for the entity class [class ucab.dsw.entidades.Parroquia] is being defaulted to: Parroquia.
[EL Config]: metadata: 2020-12-05 12:42:08.773--ServerSession(1579526446)--Thread(Thread[main,5,main])--The alias name for the entity class [class ucab.dsw.entidades.Encuesta] is being defaulted to: Encuesta.
[EL Config]: metadata: 2020-12-05 12:42:08.775--ServerSession(1579526446)--Thread(Thread[main,5,main])--The alias name for the entity class [class ucab.dsw.entidades.Pais] is being defaulted to: Pais.
[EL Config]: metadata: 2020-12-05 12:42:08.775--ServerSession(1579526446)--Thread(Thread[main,5,main])--The alias name for the entity class [class ucab.dsw.entidades.EncuestaTipo] is being defaulted to: EncuestaTipo.
[EL Config]: metadata: 2020-12-05 12:42:08.776--ServerSession(1579526446)--Thread(Thread[main,5,main])--The alias name for the entity class [class ucab.dsw.entidades.Ocupacion] is being defaulted to: Ocupacion.
[EL Config]: metadata: 2020-12-05 12:42:08.777--ServerSession(1579526446)--Thread(Thread[main,5,main])--The alias name for the entity class [class ucab.dsw.entidades.Presentacion] is being defaulted to: Presentacion.
[EL Config]: metadata: 2020-12-05 12:42:08.777--ServerSession(1579526446)--Thread(Thread[main,5,main])--The alias name for the entity class [class ucab.dsw.entidades.Participacion] is being defaulted to: Participacion.
[EL Config]: metadata: 2020-12-05 12:42:08.778--ServerSession(1579526446)--Thread(Thread[main,5,main])--The alias name for the entity class [class ucab.dsw.entidades.Hijo] is being defaulted to: Hijo.
[EL Config]: metadata: 2020-12-05 12:42:08.78--ServerSession(1579526446)--Thread(Thread[main,5,main])--The alias name for the entity class [class ucab.dsw.entidades.Ocupacion_Encuestado] is being defaulted to: Ocupacion_Encuestado.
[EL Config]: metadata: 2020-12-05 12:42:08.78--ServerSession(1579526446)--Thread(Thread[main,5,main])--The alias name for the entity class [class ucab.dsw.entidades.Metodo_Conexion_Encuestado] is being defaulted to: Metodo_Conexion_Encuestado.
[EL Config]: metadata: 2020-12-05 12:42:08.811--ServerSession(1579526446)--Thread(Thread[main,5,main])--The primary key column name for the mapping element [field _subcategoria] is being defaulted to: id.
[EL Config]: metadata: 2020-12-05 12:42:08.812--ServerSession(1579526446)--Thread(Thread[main,5,main])--The primary key column name for the mapping element [field _cliente] is being defaulted to: id.
[EL Config]: metadata: 2020-12-05 12:42:08.813--ServerSession(1579526446)--Thread(Thread[main,5,main])--The primary key column name for the mapping element [field _usuario] is being defaulted to: id.
[EL Config]: metadata: 2020-12-05 12:42:08.814--ServerSession(1579526446)--Thread(Thread[main,5,main])--The primary key column name for the mapping element [field _encuesta] is being defaulted to: id.
[EL Config]: metadata: 2020-12-05 12:42:08.814--ServerSession(1579526446)--Thread(Thread[main,5,main])--The primary key column name for the mapping element [field _caracteristicademografica] is being defaulted to: id.
[EL Config]: metadata: 2020-12-05 12:42:08.815--ServerSession(1579526446)--Thread(Thread[main,5,main])--The primary key column name for the mapping element [field _pregunta] is being defaulted to: id.
[EL Config]: metadata: 2020-12-05 12:42:08.815--ServerSession(1579526446)--Thread(Thread[main,5,main])--The primary key column name for the mapping element [field _usuario_cliente] is being defaulted to: id.
[EL Config]: metadata: 2020-12-05 12:42:08.816--ServerSession(1579526446)--Thread(Thread[main,5,main])--The primary key column name for the mapping element [field _estado] is being defaulted to: id.
[EL Config]: metadata: 2020-12-05 12:42:08.817--ServerSession(1579526446)--Thread(Thread[main,5,main])--The primary key column name for the mapping element [field _usuario_encuestado] is being defaulted to: id.
[EL Config]: metadata: 2020-12-05 12:42:08.817--ServerSession(1579526446)--Thread(Thread[main,5,main])--The primary key column name for the mapping element [field _Parroquia_encuestado] is being defaulted to: id.
[EL Config]: metadata: 2020-12-05 12:42:08.818--ServerSession(1579526446)--Thread(Thread[main,5,main])--The primary key column name for the mapping element [field _nivel_academico_encuestado] is being defaulted to: id.
[EL Config]: metadata: 2020-12-05 12:42:08.819--ServerSession(1579526446)--Thread(Thread[main,5,main])--The primary key column name for the mapping element [field _pregunta] is being defaulted to: id.
[EL Config]: metadata: 2020-12-05 12:42:08.819--ServerSession(1579526446)--Thread(Thread[main,5,main])--The primary key column name for the mapping element [field _encuesta] is being defaulted to: id.
[EL Config]: metadata: 2020-12-05 12:42:08.82--ServerSession(1579526446)--Thread(Thread[main,5,main])--The primary key column name for the mapping element [field _participacion] is being defaulted to: id.
[EL Config]: metadata: 2020-12-05 12:42:08.82--ServerSession(1579526446)--Thread(Thread[main,5,main])--The primary key column name for the mapping element [field _preguntaencuesta] is being defaulted to: id.
[EL Config]: metadata: 2020-12-05 12:42:08.821--ServerSession(1579526446)--Thread(Thread[main,5,main])--The primary key column name for the mapping element [field _opcionsimplemultiple] is being defaulted to: id.
[EL Config]: metadata: 2020-12-05 12:42:08.822--ServerSession(1579526446)--Thread(Thread[main,5,main])--The primary key column name for the mapping element [field _respuesta] is being defaulted to: id.
[EL Config]: metadata: 2020-12-05 12:42:08.822--ServerSession(1579526446)--Thread(Thread[main,5,main])--The primary key column name for the mapping element [field _pais] is being defaulted to: id.
[EL Config]: metadata: 2020-12-05 12:42:08.823--ServerSession(1579526446)--Thread(Thread[main,5,main])--The primary key column name for the mapping element [field _encuestado_telefono] is being defaulted to: id.
[EL Config]: metadata: 2020-12-05 12:42:08.823--ServerSession(1579526446)--Thread(Thread[main,5,main])--The primary key column name for the mapping element [field _categoria] is being defaulted to: id.
[EL Config]: metadata: 2020-12-05 12:42:08.824--ServerSession(1579526446)--Thread(Thread[main,5,main])--The primary key column name for the mapping element [field _Parroquia_demografia] is being defaulted to: id.
[EL Config]: metadata: 2020-12-05 12:42:08.825--ServerSession(1579526446)--Thread(Thread[main,5,main])--The primary key column name for the mapping element [field _nivel_academico_demografia] is being defaulted to: id.
[EL Config]: metadata: 2020-12-05 12:42:08.826--ServerSession(1579526446)--Thread(Thread[main,5,main])--The primary key column name for the mapping element [field _ciudad] is being defaulted to: id.
[EL Config]: metadata: 2020-12-05 12:42:08.827--ServerSession(1579526446)--Thread(Thread[main,5,main])--The primary key column name for the mapping element [field _marca] is being defaulted to: id.
[EL Config]: metadata: 2020-12-05 12:42:08.828--ServerSession(1579526446)--Thread(Thread[main,5,main])--The primary key column name for the mapping element [field _tipo] is being defaulted to: id.
[EL Config]: metadata: 2020-12-05 12:42:08.83--ServerSession(1579526446)--Thread(Thread[main,5,main])--The primary key column name for the mapping element [field _encuesta] is being defaulted to: id.
[EL Config]: metadata: 2020-12-05 12:42:08.83--ServerSession(1579526446)--Thread(Thread[main,5,main])--The primary key column name for the mapping element [field _tipo] is being defaulted to: id.
[EL Config]: metadata: 2020-12-05 12:42:08.831--ServerSession(1579526446)--Thread(Thread[main,5,main])--The primary key column name for the mapping element [field _encuestado] is being defaulted to: id.
[EL Config]: metadata: 2020-12-05 12:42:08.832--ServerSession(1579526446)--Thread(Thread[main,5,main])--The primary key column name for the mapping element [field _solicitudestudio] is being defaulted to: id.
[EL Config]: metadata: 2020-12-05 12:42:08.832--ServerSession(1579526446)--Thread(Thread[main,5,main])--The primary key column name for the mapping element [field _encuestado_hijo] is being defaulted to: id.
[EL Config]: metadata: 2020-12-05 12:42:08.833--ServerSession(1579526446)--Thread(Thread[main,5,main])--The primary key column name for the mapping element [field _ocupacion] is being defaulted to: id.
[EL Config]: metadata: 2020-12-05 12:42:08.834--ServerSession(1579526446)--Thread(Thread[main,5,main])--The primary key column name for the mapping element [field _encuestado_ocupacion] is being defaulted to: id.
[EL Config]: metadata: 2020-12-05 12:42:08.834--ServerSession(1579526446)--Thread(Thread[main,5,main])--The primary key column name for the mapping element [field _encuestado_metodo_conexion] is being defaulted to: id.
[EL Config]: metadata: 2020-12-05 12:42:08.835--ServerSession(1579526446)--Thread(Thread[main,5,main])--The primary key column name for the mapping element [field _metodo_conexion] is being defaulted to: id.
[EL Severe]: ejb: 2020-12-05 12:42:10.352--ServerSession(1579526446)--Thread(Thread[main,5,main])--Exception [EclipseLink-7107] (Eclipse Persistence Services - 2.6.4.v20160829-44060b6): org.eclipse.persistence.exceptions.ValidationException
Exception Description: Error encountered during string decryption.
Internal Exception: javax.crypto.IllegalBlockSizeException: Input length must be multiple of 8 when decrypting with padded cipher
</system-out>
  </testcase>
</testsuite>