<?xml version="1.0" encoding="UTF-8" ?>
<testsuite tests="1" failures="0" name="analista_metodos_Test" time="4.483" errors="1" skipped="0">
  <properties>
[...]
</properties>
  <testcase classname="analista_metodos_Test" name="consultaEstudios_asignadosTest" time="4.483">
    <error message="Exception [EclipseLink-4002] (Eclipse Persistence Services - 2.6.4.v20160829-44060b6): org.eclipse.persistence.exceptions.DatabaseException
Internal Exception: java.sql.SQLException: Access denied for user &apos;root&apos;@&apos;localhost&apos; (using password: YES)
Error Code: 1045" type="javax.persistence.PersistenceException">javax.persistence.PersistenceException: Exception [EclipseLink-4002] (Eclipse Persistence Services - 2.6.4.v20160829-44060b6): org.eclipse.persistence.exceptions.DatabaseException
Internal Exception: java.sql.SQLException: Access denied for user &apos;root&apos;@&apos;localhost&apos; (using password: YES)
Error Code: 1045
	at org.eclipse.persistence.internal.jpa.EntityManagerSetupImpl.deploy(EntityManagerSetupImpl.java:815)
	at org.eclipse.persistence.internal.jpa.EntityManagerFactoryDelegate.getAbstractSession(EntityManagerFactoryDelegate.java:205)
	at org.eclipse.persistence.internal.jpa.EntityManagerFactoryDelegate.createEntityManagerImpl(EntityManagerFactoryDelegate.java:305)
	at org.eclipse.persistence.internal.jpa.EntityManagerFactoryImpl.createEntityManagerImpl(EntityManagerFactoryImpl.java:337)
	at org.eclipse.persistence.internal.jpa.EntityManagerFactoryImpl.createEntityManager(EntityManagerFactoryImpl.java:303)
	at ucab.dsw.accesodatos.DaoHandler.getSession(DaoHandler.java:52)
	at ucab.dsw.accesodatos.DaoSolicitudEstudio.&lt;init&gt;(DaoSolicitudEstudio.java:18)
	at ucab.dsw.servicio.analista_metodos.consultaEstudios_asignados(analista_metodos.java:33)
	at analista_metodos_Test.consultaEstudios_asignadosTest(analista_metodos_Test.java:20)
	at sun.reflect.NativeMethodAccessorImpl.invoke0(Native Method)
	at sun.reflect.NativeMethodAccessorImpl.invoke(NativeMethodAccessorImpl.java:62)
	at sun.reflect.DelegatingMethodAccessorImpl.invoke(DelegatingMethodAccessorImpl.java:43)
	at java.lang.reflect.Method.invoke(Method.java:498)
	at org.junit.runners.model.FrameworkMethod$1.runReflectiveCall(FrameworkMethod.java:59)
	at org.junit.internal.runners.model.ReflectiveCallable.run(ReflectiveCallable.java:12)
	at org.junit.runners.model.FrameworkMethod.invokeExplosively(FrameworkMethod.java:56)
	at org.junit.internal.runners.statements.InvokeMethod.evaluate(InvokeMethod.java:17)
	at org.junit.runners.ParentRunner$3.evaluate(ParentRunner.java:305)
	at org.junit.runners.BlockJUnit4ClassRunner$1.evaluate(BlockJUnit4ClassRunner.java:100)
	at org.junit.runners.ParentRunner.runLeaf(ParentRunner.java:365)
	at org.junit.runners.BlockJUnit4ClassRunner.runChild(BlockJUnit4ClassRunner.java:103)
	at org.junit.runners.BlockJUnit4ClassRunner.runChild(BlockJUnit4ClassRunner.java:63)
	at org.junit.runners.ParentRunner$4.run(ParentRunner.java:330)
	at org.junit.runners.ParentRunner$1.schedule(ParentRunner.java:78)
	at org.junit.runners.ParentRunner.runChildren(ParentRunner.java:328)
	at org.junit.runners.ParentRunner.access$100(ParentRunner.java:65)
	at org.junit.runners.ParentRunner$2.evaluate(ParentRunner.java:292)
	at org.junit.runners.ParentRunner$3.evaluate(ParentRunner.java:305)
	at org.junit.runners.ParentRunner.run(ParentRunner.java:412)
	at org.apache.maven.surefire.junit4.JUnit4Provider.execute(JUnit4Provider.java:252)
	at org.apache.maven.surefire.junit4.JUnit4Provider.executeTestSet(JUnit4Provider.java:141)
	at org.apache.maven.surefire.junit4.JUnit4Provider.invoke(JUnit4Provider.java:112)
	at sun.reflect.NativeMethodAccessorImpl.invoke0(Native Method)
	at sun.reflect.NativeMethodAccessorImpl.invoke(NativeMethodAccessorImpl.java:62)
	at sun.reflect.DelegatingMethodAccessorImpl.invoke(DelegatingMethodAccessorImpl.java:43)
	at java.lang.reflect.Method.invoke(Method.java:498)
	at org.apache.maven.surefire.util.ReflectionUtils.invokeMethodWithArray(ReflectionUtils.java:189)
	at org.apache.maven.surefire.booter.ProviderFactory$ProviderProxy.invoke(ProviderFactory.java:165)
	at org.apache.maven.surefire.booter.ProviderFactory.invokeProvider(ProviderFactory.java:85)
	at org.apache.maven.surefire.booter.ForkedBooter.runSuitesInProcess(ForkedBooter.java:115)
	at org.apache.maven.surefire.booter.ForkedBooter.main(ForkedBooter.java:75)
Caused by: Exception [EclipseLink-4002] (Eclipse Persistence Services - 2.6.4.v20160829-44060b6): org.eclipse.persistence.exceptions.DatabaseException
Internal Exception: java.sql.SQLException: Access denied for user &apos;root&apos;@&apos;localhost&apos; (using password: YES)
Error Code: 1045
	at org.eclipse.persistence.exceptions.DatabaseException.sqlException(DatabaseException.java:331)
	at org.eclipse.persistence.exceptions.DatabaseException.sqlException(DatabaseException.java:326)
	at org.eclipse.persistence.sessions.DefaultConnector.connect(DefaultConnector.java:138)
	at org.eclipse.persistence.sessions.DatasourceLogin.connectToDatasource(DatasourceLogin.java:162)
	at org.eclipse.persistence.internal.sessions.DatabaseSessionImpl.setOrDetectDatasource(DatabaseSessionImpl.java:207)
	at org.eclipse.persistence.internal.sessions.DatabaseSessionImpl.loginAndDetectDatasource(DatabaseSessionImpl.java:760)
	at org.eclipse.persistence.internal.jpa.EntityManagerFactoryProvider.login(EntityManagerFactoryProvider.java:265)
	at org.eclipse.persistence.internal.jpa.EntityManagerSetupImpl.deploy(EntityManagerSetupImpl.java:731)
	... 40 more
Caused by: java.sql.SQLException: Access denied for user &apos;root&apos;@&apos;localhost&apos; (using password: YES)
	at com.mysql.cj.jdbc.exceptions.SQLError.createSQLException(SQLError.java:129)
	at com.mysql.cj.jdbc.exceptions.SQLError.createSQLException(SQLError.java:97)
	at com.mysql.cj.jdbc.exceptions.SQLExceptionsMapping.translateException(SQLExceptionsMapping.java:122)
	at com.mysql.cj.jdbc.ConnectionImpl.createNewIO(ConnectionImpl.java:836)
	at com.mysql.cj.jdbc.ConnectionImpl.&lt;init&gt;(ConnectionImpl.java:456)
	at com.mysql.cj.jdbc.ConnectionImpl.getInstance(ConnectionImpl.java:246)
	at com.mysql.cj.jdbc.NonRegisteringDriver.connect(NonRegisteringDriver.java:199)
	at java.sql.DriverManager.getConnection(DriverManager.java:664)
	at java.sql.DriverManager.getConnection(DriverManager.java:208)
	at org.eclipse.persistence.sessions.DefaultConnector.connect(DefaultConnector.java:98)
	... 45 more
</error>
    <system-out>[EL Fine]: server: 2020-12-08 12:55:18.849--Thread(Thread[main,5,main])--Configured server platform: org.eclipse.persistence.platform.server.NoServerPlatform
[EL Config]: metadata: 2020-12-08 12:55:19.046--ServerSession(943081537)--Thread(Thread[main,5,main])--The access type for the persistent class [class ucab.dsw.entidades.EntidadBase] is set to [FIELD].
[EL Config]: metadata: 2020-12-08 12:55:19.078--ServerSession(943081537)--Thread(Thread[main,5,main])--The access type for the persistent class [class ucab.dsw.entidades.Marca] is set to [FIELD].
[EL Config]: metadata: 2020-12-08 12:55:19.093--ServerSession(943081537)--Thread(Thread[main,5,main])--The target entity (reference) class for the many to one mapping element [field _subcategoria] is being defaulted to: class ucab.dsw.entidades.Subcategoria.
[EL Config]: metadata: 2020-12-08 12:55:19.093--ServerSession(943081537)--Thread(Thread[main,5,main])--The target entity (reference) class for the one to many mapping element [field _solicitud] is being defaulted to: class ucab.dsw.entidades.SolicitudEstudio.
[EL Config]: metadata: 2020-12-08 12:55:19.11--ServerSession(943081537)--Thread(Thread[main,5,main])--The target entity (reference) class for the one to many mapping element [field _marcatipos] is being defaulted to: class ucab.dsw.entidades.Marca_Tipo.
[EL Config]: metadata: 2020-12-08 12:55:19.117--ServerSession(943081537)--Thread(Thread[main,5,main])--The target entity (reference) class for the one to many mapping element [field _encuesta] is being defaulted to: class ucab.dsw.entidades.Encuesta.
[EL Config]: metadata: 2020-12-08 12:55:19.119--ServerSession(943081537)--Thread(Thread[main,5,main])--The access type for the persistent class [class ucab.dsw.entidades.SolicitudEstudio] is set to [FIELD].
[EL Config]: metadata: 2020-12-08 12:55:19.119--ServerSession(943081537)--Thread(Thread[main,5,main])--The target entity (reference) class for the many to one mapping element [field _cliente] is being defaulted to: class ucab.dsw.entidades.Cliente.
[EL Config]: metadata: 2020-12-08 12:55:19.119--ServerSession(943081537)--Thread(Thread[main,5,main])--The target entity (reference) class for the one to many mapping element [field _participacion] is being defaulted to: class ucab.dsw.entidades.Participacion.
[EL Config]: metadata: 2020-12-08 12:55:19.119--ServerSession(943081537)--Thread(Thread[main,5,main])--The target entity (reference) class for the many to one mapping element [field _encuesta_solicitud] is being defaulted to: class ucab.dsw.entidades.Encuesta.
[EL Config]: metadata: 2020-12-08 12:55:19.119--ServerSession(943081537)--Thread(Thread[main,5,main])--The target entity (reference) class for the many to one mapping element [field _usuario] is being defaulted to: class ucab.dsw.entidades.Usuario.
[EL Config]: metadata: 2020-12-08 12:55:19.119--ServerSession(943081537)--Thread(Thread[main,5,main])--The target entity (reference) class for the many to one mapping element [field _marca_solicitud] is being defaulted to: class ucab.dsw.entidades.Marca.
[EL Config]: metadata: 2020-12-08 12:55:19.119--ServerSession(943081537)--Thread(Thread[main,5,main])--The target entity (reference) class for the many to one mapping element [field _caracteristicademografica] is being defaulted to: class ucab.dsw.entidades.Caracteristica_Demografica.
[EL Config]: metadata: 2020-12-08 12:55:19.119--ServerSession(943081537)--Thread(Thread[main,5,main])--The target entity (reference) class for the many to one mapping element [field _usuario2] is being defaulted to: class ucab.dsw.entidades.Usuario.
[EL Config]: metadata: 2020-12-08 12:55:19.119--ServerSession(943081537)--Thread(Thread[main,5,main])--The access type for the persistent class [class ucab.dsw.entidades.OpcionSimpleMultiple] is set to [FIELD].
[EL Config]: metadata: 2020-12-08 12:55:19.119--ServerSession(943081537)--Thread(Thread[main,5,main])--The target entity (reference) class for the one to many mapping element [field _opcion_Simple_Multiple_Pregunta] is being defaulted to: class ucab.dsw.entidades.Opcion_Simple_Multiple_Pregunta.
[EL Config]: metadata: 2020-12-08 12:55:19.119--ServerSession(943081537)--Thread(Thread[main,5,main])--The access type for the persistent class [class ucab.dsw.entidades.Metodo_conexion] is set to [FIELD].
[EL Config]: metadata: 2020-12-08 12:55:19.119--ServerSession(943081537)--Thread(Thread[main,5,main])--The target entity (reference) class for the one to many mapping element [field _metodo_Conexion_Encuestado] is being defaulted to: class ucab.dsw.entidades.Metodo_Conexion_Encuestado.
[EL Config]: metadata: 2020-12-08 12:55:19.119--ServerSession(943081537)--Thread(Thread[main,5,main])--The access type for the persistent class [class ucab.dsw.entidades.Cliente] is set to [FIELD].
[EL Config]: metadata: 2020-12-08 12:55:19.119--ServerSession(943081537)--Thread(Thread[main,5,main])--The target entity (reference) class for the many to one mapping element [field _usuario_cliente] is being defaulted to: class ucab.dsw.entidades.Usuario.
[EL Config]: metadata: 2020-12-08 12:55:19.119--ServerSession(943081537)--Thread(Thread[main,5,main])--The target entity (reference) class for the one to many mapping element [field _solicitudestudio] is being defaulted to: class ucab.dsw.entidades.SolicitudEstudio.
[EL Config]: metadata: 2020-12-08 12:55:19.119--ServerSession(943081537)--Thread(Thread[main,5,main])--The access type for the persistent class [class ucab.dsw.entidades.Usuario] is set to [FIELD].
[EL Config]: metadata: 2020-12-08 12:55:19.119--ServerSession(943081537)--Thread(Thread[main,5,main])--The target entity (reference) class for the one to many mapping element [field _cliente] is being defaulted to: class ucab.dsw.entidades.Cliente.
[EL Config]: metadata: 2020-12-08 12:55:19.119--ServerSession(943081537)--Thread(Thread[main,5,main])--The target entity (reference) class for the one to many mapping element [field _encuestado] is being defaulted to: class ucab.dsw.entidades.Encuestado.
[EL Config]: metadata: 2020-12-08 12:55:19.119--ServerSession(943081537)--Thread(Thread[main,5,main])--The target entity (reference) class for the one to many mapping element [field _solicitudestudio] is being defaulted to: class ucab.dsw.entidades.SolicitudEstudio.
[EL Config]: metadata: 2020-12-08 12:55:19.119--ServerSession(943081537)--Thread(Thread[main,5,main])--The target entity (reference) class for the one to many mapping element [field _solicitudestudio2] is being defaulted to: class ucab.dsw.entidades.SolicitudEstudio.
[EL Config]: metadata: 2020-12-08 12:55:19.119--ServerSession(943081537)--Thread(Thread[main,5,main])--The access type for the persistent class [class ucab.dsw.entidades.Tipo] is set to [FIELD].
[EL Config]: metadata: 2020-12-08 12:55:19.135--ServerSession(943081537)--Thread(Thread[main,5,main])--The target entity (reference) class for the one to many mapping element [field _presentacion] is being defaulted to: class ucab.dsw.entidades.Presentacion.
[EL Config]: metadata: 2020-12-08 12:55:19.135--ServerSession(943081537)--Thread(Thread[main,5,main])--The target entity (reference) class for the one to many mapping element [field _marcatipos] is being defaulted to: class ucab.dsw.entidades.Marca_Tipo.
[EL Config]: metadata: 2020-12-08 12:55:19.135--ServerSession(943081537)--Thread(Thread[main,5,main])--The access type for the persistent class [class ucab.dsw.entidades.Ciudad] is set to [FIELD].
[EL Config]: metadata: 2020-12-08 12:55:19.135--ServerSession(943081537)--Thread(Thread[main,5,main])--The target entity (reference) class for the many to one mapping element [field _estado] is being defaulted to: class ucab.dsw.entidades.Estado.
[EL Config]: metadata: 2020-12-08 12:55:19.135--ServerSession(943081537)--Thread(Thread[main,5,main])--The target entity (reference) class for the one to many mapping element [field _parroquia] is being defaulted to: class ucab.dsw.entidades.Parroquia.
[EL Config]: metadata: 2020-12-08 12:55:19.135--ServerSession(943081537)--Thread(Thread[main,5,main])--The access type for the persistent class [class ucab.dsw.entidades.Encuestado] is set to [FIELD].
[EL Config]: metadata: 2020-12-08 12:55:19.135--ServerSession(943081537)--Thread(Thread[main,5,main])--The target entity (reference) class for the one to many mapping element [field _ocupacion_Encuestado] is being defaulted to: class ucab.dsw.entidades.Ocupacion_Encuestado.
[EL Config]: metadata: 2020-12-08 12:55:19.135--ServerSession(943081537)--Thread(Thread[main,5,main])--The target entity (reference) class for the many to one mapping element [field _usuario_encuestado] is being defaulted to: class ucab.dsw.entidades.Usuario.
[EL Config]: metadata: 2020-12-08 12:55:19.135--ServerSession(943081537)--Thread(Thread[main,5,main])--The target entity (reference) class for the one to many mapping element [field _hijo] is being defaulted to: class ucab.dsw.entidades.Hijo.
[EL Config]: metadata: 2020-12-08 12:55:19.135--ServerSession(943081537)--Thread(Thread[main,5,main])--The target entity (reference) class for the many to one mapping element [field _Parroquia_encuestado] is being defaulted to: class ucab.dsw.entidades.Parroquia.
[EL Config]: metadata: 2020-12-08 12:55:19.135--ServerSession(943081537)--Thread(Thread[main,5,main])--The target entity (reference) class for the one to many mapping element [field _participacion] is being defaulted to: class ucab.dsw.entidades.Participacion.
[EL Config]: metadata: 2020-12-08 12:55:19.135--ServerSession(943081537)--Thread(Thread[main,5,main])--The target entity (reference) class for the one to many mapping element [field _metodo_Conexion_Encuestado] is being defaulted to: class ucab.dsw.entidades.Metodo_Conexion_Encuestado.
[EL Config]: metadata: 2020-12-08 12:55:19.135--ServerSession(943081537)--Thread(Thread[main,5,main])--The target entity (reference) class for the many to one mapping element [field _nivel_academico_encuestado] is being defaulted to: class ucab.dsw.entidades.Nivel_Academico.
[EL Config]: metadata: 2020-12-08 12:55:19.135--ServerSession(943081537)--Thread(Thread[main,5,main])--The target entity (reference) class for the one to many mapping element [field _telefono] is being defaulted to: class ucab.dsw.entidades.Telefono.
[EL Config]: metadata: 2020-12-08 12:55:19.135--ServerSession(943081537)--Thread(Thread[main,5,main])--The access type for the persistent class [class ucab.dsw.entidades.PreguntaEncuesta] is set to [FIELD].
[EL Config]: metadata: 2020-12-08 12:55:19.151--ServerSession(943081537)--Thread(Thread[main,5,main])--The target entity (reference) class for the many to one mapping element [field _encuesta_Pregunta] is being defaulted to: class ucab.dsw.entidades.Encuesta.
[EL Config]: metadata: 2020-12-08 12:55:19.151--ServerSession(943081537)--Thread(Thread[main,5,main])--The target entity (reference) class for the many to one mapping element [field _pregunta_Encuesta] is being defaulted to: class ucab.dsw.entidades.Pregunta.
[EL Config]: metadata: 2020-12-08 12:55:19.151--ServerSession(943081537)--Thread(Thread[main,5,main])--The target entity (reference) class for the one to many mapping element [field _respuesta] is being defaulted to: class ucab.dsw.entidades.Respuesta.
[EL Config]: metadata: 2020-12-08 12:55:19.151--ServerSession(943081537)--Thread(Thread[main,5,main])--The access type for the persistent class [class ucab.dsw.entidades.Respuesta] is set to [FIELD].
[EL Config]: metadata: 2020-12-08 12:55:19.151--ServerSession(943081537)--Thread(Thread[main,5,main])--The target entity (reference) class for the many to one mapping element [field _participacion] is being defaulted to: class ucab.dsw.entidades.Participacion.
[EL Config]: metadata: 2020-12-08 12:55:19.151--ServerSession(943081537)--Thread(Thread[main,5,main])--The target entity (reference) class for the one to many mapping element [field _respuestaopcion] is being defaulted to: class ucab.dsw.entidades.RespuestaOpcion.
[EL Config]: metadata: 2020-12-08 12:55:19.151--ServerSession(943081537)--Thread(Thread[main,5,main])--The target entity (reference) class for the many to one mapping element [field _preguntaencuesta] is being defaulted to: class ucab.dsw.entidades.PreguntaEncuesta.
[EL Config]: metadata: 2020-12-08 12:55:19.151--ServerSession(943081537)--Thread(Thread[main,5,main])--The access type for the persistent class [class ucab.dsw.entidades.RespuestaOpcion] is set to [FIELD].
[EL Config]: metadata: 2020-12-08 12:55:19.151--ServerSession(943081537)--Thread(Thread[main,5,main])--The target entity (reference) class for the many to one mapping element [field _opcionsimplemultiple_pregunta] is being defaulted to: class ucab.dsw.entidades.Opcion_Simple_Multiple_Pregunta.
[EL Config]: metadata: 2020-12-08 12:55:19.151--ServerSession(943081537)--Thread(Thread[main,5,main])--The target entity (reference) class for the many to one mapping element [field _respuesta] is being defaulted to: class ucab.dsw.entidades.Respuesta.
[EL Config]: metadata: 2020-12-08 12:55:19.151--ServerSession(943081537)--Thread(Thread[main,5,main])--The access type for the persistent class [class ucab.dsw.entidades.Estado] is set to [FIELD].
[EL Config]: metadata: 2020-12-08 12:55:19.151--ServerSession(943081537)--Thread(Thread[main,5,main])--The target entity (reference) class for the many to one mapping element [field _pais] is being defaulted to: class ucab.dsw.entidades.Pais.
[EL Config]: metadata: 2020-12-08 12:55:19.151--ServerSession(943081537)--Thread(Thread[main,5,main])--The target entity (reference) class for the one to many mapping element [field _ciudad] is being defaulted to: class ucab.dsw.entidades.Ciudad.
[EL Config]: metadata: 2020-12-08 12:55:19.151--ServerSession(943081537)--Thread(Thread[main,5,main])--The access type for the persistent class [class ucab.dsw.entidades.Nivel_Academico] is set to [FIELD].
[EL Config]: metadata: 2020-12-08 12:55:19.151--ServerSession(943081537)--Thread(Thread[main,5,main])--The target entity (reference) class for the one to many mapping element [field _caracteristica_Demografica] is being defaulted to: class ucab.dsw.entidades.Caracteristica_Demografica.
[EL Config]: metadata: 2020-12-08 12:55:19.151--ServerSession(943081537)--Thread(Thread[main,5,main])--The target entity (reference) class for the one to many mapping element [field _encuestado] is being defaulted to: class ucab.dsw.entidades.Encuestado.
[EL Config]: metadata: 2020-12-08 12:55:19.151--ServerSession(943081537)--Thread(Thread[main,5,main])--The access type for the persistent class [class ucab.dsw.entidades.Telefono] is set to [FIELD].
[EL Config]: metadata: 2020-12-08 12:55:19.151--ServerSession(943081537)--Thread(Thread[main,5,main])--The target entity (reference) class for the many to one mapping element [field _encuestado_telefono] is being defaulted to: class ucab.dsw.entidades.Encuestado.
[EL Config]: metadata: 2020-12-08 12:55:19.151--ServerSession(943081537)--Thread(Thread[main,5,main])--The access type for the persistent class [class ucab.dsw.entidades.Categoria] is set to [FIELD].
[EL Config]: metadata: 2020-12-08 12:55:19.151--ServerSession(943081537)--Thread(Thread[main,5,main])--The target entity (reference) class for the one to many mapping element [field _subcategoria] is being defaulted to: class ucab.dsw.entidades.Subcategoria.
[EL Config]: metadata: 2020-12-08 12:55:19.151--ServerSession(943081537)--Thread(Thread[main,5,main])--The access type for the persistent class [class ucab.dsw.entidades.Subcategoria] is set to [FIELD].
[EL Config]: metadata: 2020-12-08 12:55:19.151--ServerSession(943081537)--Thread(Thread[main,5,main])--The target entity (reference) class for the many to one mapping element [field _categoria] is being defaulted to: class ucab.dsw.entidades.Categoria.
[EL Config]: metadata: 2020-12-08 12:55:19.151--ServerSession(943081537)--Thread(Thread[main,5,main])--The target entity (reference) class for the one to many mapping element [field _marca] is being defaulted to: class ucab.dsw.entidades.Marca.
[EL Config]: metadata: 2020-12-08 12:55:19.151--ServerSession(943081537)--Thread(Thread[main,5,main])--The access type for the persistent class [class ucab.dsw.entidades.Caracteristica_Demografica] is set to [FIELD].
[EL Config]: metadata: 2020-12-08 12:55:19.166--ServerSession(943081537)--Thread(Thread[main,5,main])--The target entity (reference) class for the many to one mapping element [field _Parroquia_demografia] is being defaulted to: class ucab.dsw.entidades.Parroquia.
[EL Config]: metadata: 2020-12-08 12:55:19.166--ServerSession(943081537)--Thread(Thread[main,5,main])--The target entity (reference) class for the one to many mapping element [field _solicitudestudio] is being defaulted to: class ucab.dsw.entidades.SolicitudEstudio.
[EL Config]: metadata: 2020-12-08 12:55:19.166--ServerSession(943081537)--Thread(Thread[main,5,main])--The target entity (reference) class for the many to one mapping element [field _nivel_academico_demografia] is being defaulted to: class ucab.dsw.entidades.Nivel_Academico.
[EL Config]: metadata: 2020-12-08 12:55:19.166--ServerSession(943081537)--Thread(Thread[main,5,main])--The access type for the persistent class [class ucab.dsw.entidades.Pregunta] is set to [FIELD].
[EL Config]: metadata: 2020-12-08 12:55:19.166--ServerSession(943081537)--Thread(Thread[main,5,main])--The target entity (reference) class for the one to many mapping element [field _preguntaencuesta] is being defaulted to: class ucab.dsw.entidades.PreguntaEncuesta.
[EL Config]: metadata: 2020-12-08 12:55:19.166--ServerSession(943081537)--Thread(Thread[main,5,main])--The target entity (reference) class for the one to many mapping element [field _opcionsimplemultiple] is being defaulted to: class ucab.dsw.entidades.Opcion_Simple_Multiple_Pregunta.
[EL Config]: metadata: 2020-12-08 12:55:19.166--ServerSession(943081537)--Thread(Thread[main,5,main])--The access type for the persistent class [class ucab.dsw.entidades.Parroquia] is set to [FIELD].
[EL Config]: metadata: 2020-12-08 12:55:19.166--ServerSession(943081537)--Thread(Thread[main,5,main])--The target entity (reference) class for the one to many mapping element [field _caracteristica_Demografica] is being defaulted to: class ucab.dsw.entidades.Caracteristica_Demografica.
[EL Config]: metadata: 2020-12-08 12:55:19.166--ServerSession(943081537)--Thread(Thread[main,5,main])--The target entity (reference) class for the one to many mapping element [field _encuestado] is being defaulted to: class ucab.dsw.entidades.Encuestado.
[EL Config]: metadata: 2020-12-08 12:55:19.166--ServerSession(943081537)--Thread(Thread[main,5,main])--The target entity (reference) class for the many to one mapping element [field _ciudad] is being defaulted to: class ucab.dsw.entidades.Ciudad.
[EL Config]: metadata: 2020-12-08 12:55:19.166--ServerSession(943081537)--Thread(Thread[main,5,main])--The access type for the persistent class [class ucab.dsw.entidades.Encuesta] is set to [FIELD].
[EL Config]: metadata: 2020-12-08 12:55:19.166--ServerSession(943081537)--Thread(Thread[main,5,main])--The target entity (reference) class for the many to one mapping element [field _marca_encuesta] is being defaulted to: class ucab.dsw.entidades.Marca.
[EL Config]: metadata: 2020-12-08 12:55:19.166--ServerSession(943081537)--Thread(Thread[main,5,main])--The target entity (reference) class for the one to many mapping element [field _solicitudestudio] is being defaulted to: class ucab.dsw.entidades.SolicitudEstudio.
[EL Config]: metadata: 2020-12-08 12:55:19.166--ServerSession(943081537)--Thread(Thread[main,5,main])--The target entity (reference) class for the one to many mapping element [field _preguntaencuesta] is being defaulted to: class ucab.dsw.entidades.PreguntaEncuesta.
[EL Config]: metadata: 2020-12-08 12:55:19.166--ServerSession(943081537)--Thread(Thread[main,5,main])--The access type for the persistent class [class ucab.dsw.entidades.Pais] is set to [FIELD].
[EL Config]: metadata: 2020-12-08 12:55:19.166--ServerSession(943081537)--Thread(Thread[main,5,main])--The target entity (reference) class for the one to many mapping element [field _estado] is being defaulted to: class ucab.dsw.entidades.Estado.
[EL Config]: metadata: 2020-12-08 12:55:19.166--ServerSession(943081537)--Thread(Thread[main,5,main])--The access type for the persistent class [class ucab.dsw.entidades.Ocupacion] is set to [FIELD].
[EL Config]: metadata: 2020-12-08 12:55:19.166--ServerSession(943081537)--Thread(Thread[main,5,main])--The target entity (reference) class for the one to many mapping element [field _ocupacion_Encuestado] is being defaulted to: class ucab.dsw.entidades.Ocupacion_Encuestado.
[EL Config]: metadata: 2020-12-08 12:55:19.182--ServerSession(943081537)--Thread(Thread[main,5,main])--The access type for the persistent class [class ucab.dsw.entidades.Opcion_Simple_Multiple_Pregunta] is set to [FIELD].
[EL Config]: metadata: 2020-12-08 12:55:19.182--ServerSession(943081537)--Thread(Thread[main,5,main])--The target entity (reference) class for the many to one mapping element [field _pregunta] is being defaulted to: class ucab.dsw.entidades.Pregunta.
[EL Config]: metadata: 2020-12-08 12:55:19.182--ServerSession(943081537)--Thread(Thread[main,5,main])--The target entity (reference) class for the one to many mapping element [field _respuestaopcion] is being defaulted to: class ucab.dsw.entidades.RespuestaOpcion.
[EL Config]: metadata: 2020-12-08 12:55:19.182--ServerSession(943081537)--Thread(Thread[main,5,main])--The target entity (reference) class for the many to one mapping element [field _opcionsimplemultiple] is being defaulted to: class ucab.dsw.entidades.OpcionSimpleMultiple.
[EL Config]: metadata: 2020-12-08 12:55:19.182--ServerSession(943081537)--Thread(Thread[main,5,main])--The access type for the persistent class [class ucab.dsw.entidades.Presentacion] is set to [FIELD].
[EL Config]: metadata: 2020-12-08 12:55:19.197--ServerSession(943081537)--Thread(Thread[main,5,main])--The target entity (reference) class for the many to one mapping element [field _tipo_Presentacion] is being defaulted to: class ucab.dsw.entidades.Tipo.
[EL Config]: metadata: 2020-12-08 12:55:19.197--ServerSession(943081537)--Thread(Thread[main,5,main])--The access type for the persistent class [class ucab.dsw.entidades.Participacion] is set to [FIELD].
[EL Config]: metadata: 2020-12-08 12:55:19.197--ServerSession(943081537)--Thread(Thread[main,5,main])--The target entity (reference) class for the many to one mapping element [field _encuestado] is being defaulted to: class ucab.dsw.entidades.Encuestado.
[EL Config]: metadata: 2020-12-08 12:55:19.197--ServerSession(943081537)--Thread(Thread[main,5,main])--The target entity (reference) class for the many to one mapping element [field _solicitudestudio] is being defaulted to: class ucab.dsw.entidades.SolicitudEstudio.
[EL Config]: metadata: 2020-12-08 12:55:19.197--ServerSession(943081537)--Thread(Thread[main,5,main])--The target entity (reference) class for the one to many mapping element [field _respuesta] is being defaulted to: class ucab.dsw.entidades.Respuesta.
[EL Config]: metadata: 2020-12-08 12:55:19.197--ServerSession(943081537)--Thread(Thread[main,5,main])--The access type for the persistent class [class ucab.dsw.entidades.Marca_Tipo] is set to [FIELD].
[EL Config]: metadata: 2020-12-08 12:55:19.197--ServerSession(943081537)--Thread(Thread[main,5,main])--The target entity (reference) class for the many to one mapping element [field _tipo] is being defaulted to: class ucab.dsw.entidades.Tipo.
[EL Config]: metadata: 2020-12-08 12:55:19.197--ServerSession(943081537)--Thread(Thread[main,5,main])--The target entity (reference) class for the many to one mapping element [field _marca] is being defaulted to: class ucab.dsw.entidades.Marca.
[EL Config]: metadata: 2020-12-08 12:55:19.197--ServerSession(943081537)--Thread(Thread[main,5,main])--The access type for the persistent class [class ucab.dsw.entidades.Hijo] is set to [FIELD].
[EL Config]: metadata: 2020-12-08 12:55:19.197--ServerSession(943081537)--Thread(Thread[main,5,main])--The target entity (reference) class for the many to one mapping element [field _encuestado_hijo] is being defaulted to: class ucab.dsw.entidades.Encuestado.
[EL Config]: metadata: 2020-12-08 12:55:19.197--ServerSession(943081537)--Thread(Thread[main,5,main])--The access type for the persistent class [class ucab.dsw.entidades.Ocupacion_Encuestado] is set to [FIELD].
[EL Config]: metadata: 2020-12-08 12:55:19.197--ServerSession(943081537)--Thread(Thread[main,5,main])--The target entity (reference) class for the many to one mapping element [field _ocupacion] is being defaulted to: class ucab.dsw.entidades.Ocupacion.
[EL Config]: metadata: 2020-12-08 12:55:19.197--ServerSession(943081537)--Thread(Thread[main,5,main])--The target entity (reference) class for the many to one mapping element [field _encuestado_ocupacion] is being defaulted to: class ucab.dsw.entidades.Encuestado.
[EL Config]: metadata: 2020-12-08 12:55:19.197--ServerSession(943081537)--Thread(Thread[main,5,main])--The access type for the persistent class [class ucab.dsw.entidades.Metodo_Conexion_Encuestado] is set to [FIELD].
[EL Config]: metadata: 2020-12-08 12:55:19.197--ServerSession(943081537)--Thread(Thread[main,5,main])--The target entity (reference) class for the many to one mapping element [field _encuestado_metodo_conexion] is being defaulted to: class ucab.dsw.entidades.Encuestado.
[EL Config]: metadata: 2020-12-08 12:55:19.197--ServerSession(943081537)--Thread(Thread[main,5,main])--The target entity (reference) class for the many to one mapping element [field _metodo_conexion] is being defaulted to: class ucab.dsw.entidades.Metodo_conexion.
[EL Config]: metadata: 2020-12-08 12:55:19.213--ServerSession(943081537)--Thread(Thread[main,5,main])--The alias name for the entity class [class ucab.dsw.entidades.Marca] is being defaulted to: Marca.
[EL Config]: metadata: 2020-12-08 12:55:19.244--ServerSession(943081537)--Thread(Thread[main,5,main])--The alias name for the entity class [class ucab.dsw.entidades.SolicitudEstudio] is being defaulted to: SolicitudEstudio.
[EL Config]: metadata: 2020-12-08 12:55:19.26--ServerSession(943081537)--Thread(Thread[main,5,main])--The alias name for the entity class [class ucab.dsw.entidades.OpcionSimpleMultiple] is being defaulted to: OpcionSimpleMultiple.
[EL Config]: metadata: 2020-12-08 12:55:19.26--ServerSession(943081537)--Thread(Thread[main,5,main])--The alias name for the entity class [class ucab.dsw.entidades.Metodo_conexion] is being defaulted to: Metodo_conexion.
[EL Config]: metadata: 2020-12-08 12:55:19.26--ServerSession(943081537)--Thread(Thread[main,5,main])--The alias name for the entity class [class ucab.dsw.entidades.Cliente] is being defaulted to: Cliente.
[EL Config]: metadata: 2020-12-08 12:55:19.26--ServerSession(943081537)--Thread(Thread[main,5,main])--The alias name for the entity class [class ucab.dsw.entidades.Usuario] is being defaulted to: Usuario.
[EL Config]: metadata: 2020-12-08 12:55:19.26--ServerSession(943081537)--Thread(Thread[main,5,main])--The alias name for the entity class [class ucab.dsw.entidades.Tipo] is being defaulted to: Tipo.
[EL Config]: metadata: 2020-12-08 12:55:19.26--ServerSession(943081537)--Thread(Thread[main,5,main])--The alias name for the entity class [class ucab.dsw.entidades.Ciudad] is being defaulted to: Ciudad.
[EL Config]: metadata: 2020-12-08 12:55:19.26--ServerSession(943081537)--Thread(Thread[main,5,main])--The alias name for the entity class [class ucab.dsw.entidades.Encuestado] is being defaulted to: Encuestado.
[EL Config]: metadata: 2020-12-08 12:55:19.26--ServerSession(943081537)--Thread(Thread[main,5,main])--The alias name for the entity class [class ucab.dsw.entidades.PreguntaEncuesta] is being defaulted to: PreguntaEncuesta.
[EL Config]: metadata: 2020-12-08 12:55:19.26--ServerSession(943081537)--Thread(Thread[main,5,main])--The alias name for the entity class [class ucab.dsw.entidades.Respuesta] is being defaulted to: Respuesta.
[EL Config]: metadata: 2020-12-08 12:55:19.26--ServerSession(943081537)--Thread(Thread[main,5,main])--The alias name for the entity class [class ucab.dsw.entidades.RespuestaOpcion] is being defaulted to: RespuestaOpcion.
[EL Config]: metadata: 2020-12-08 12:55:19.26--ServerSession(943081537)--Thread(Thread[main,5,main])--The alias name for the entity class [class ucab.dsw.entidades.Estado] is being defaulted to: Estado.
[EL Config]: metadata: 2020-12-08 12:55:19.276--ServerSession(943081537)--Thread(Thread[main,5,main])--The alias name for the entity class [class ucab.dsw.entidades.Nivel_Academico] is being defaulted to: Nivel_Academico.
[EL Config]: metadata: 2020-12-08 12:55:19.276--ServerSession(943081537)--Thread(Thread[main,5,main])--The alias name for the entity class [class ucab.dsw.entidades.Telefono] is being defaulted to: Telefono.
[EL Config]: metadata: 2020-12-08 12:55:19.276--ServerSession(943081537)--Thread(Thread[main,5,main])--The alias name for the entity class [class ucab.dsw.entidades.Categoria] is being defaulted to: Categoria.
[EL Config]: metadata: 2020-12-08 12:55:19.276--ServerSession(943081537)--Thread(Thread[main,5,main])--The alias name for the entity class [class ucab.dsw.entidades.Subcategoria] is being defaulted to: Subcategoria.
[EL Config]: metadata: 2020-12-08 12:55:19.276--ServerSession(943081537)--Thread(Thread[main,5,main])--The alias name for the entity class [class ucab.dsw.entidades.Caracteristica_Demografica] is being defaulted to: Caracteristica_Demografica.
[EL Config]: metadata: 2020-12-08 12:55:19.276--ServerSession(943081537)--Thread(Thread[main,5,main])--The alias name for the entity class [class ucab.dsw.entidades.Pregunta] is being defaulted to: Pregunta.
[EL Config]: metadata: 2020-12-08 12:55:19.276--ServerSession(943081537)--Thread(Thread[main,5,main])--The alias name for the entity class [class ucab.dsw.entidades.Parroquia] is being defaulted to: Parroquia.
[EL Config]: metadata: 2020-12-08 12:55:19.276--ServerSession(943081537)--Thread(Thread[main,5,main])--The alias name for the entity class [class ucab.dsw.entidades.Encuesta] is being defaulted to: Encuesta.
[EL Config]: metadata: 2020-12-08 12:55:19.276--ServerSession(943081537)--Thread(Thread[main,5,main])--The alias name for the entity class [class ucab.dsw.entidades.Pais] is being defaulted to: Pais.
[EL Config]: metadata: 2020-12-08 12:55:19.276--ServerSession(943081537)--Thread(Thread[main,5,main])--The alias name for the entity class [class ucab.dsw.entidades.Ocupacion] is being defaulted to: Ocupacion.
[EL Config]: metadata: 2020-12-08 12:55:19.276--ServerSession(943081537)--Thread(Thread[main,5,main])--The alias name for the entity class [class ucab.dsw.entidades.Opcion_Simple_Multiple_Pregunta] is being defaulted to: Opcion_Simple_Multiple_Pregunta.
[EL Config]: metadata: 2020-12-08 12:55:19.276--ServerSession(943081537)--Thread(Thread[main,5,main])--The alias name for the entity class [class ucab.dsw.entidades.Presentacion] is being defaulted to: Presentacion.
[EL Config]: metadata: 2020-12-08 12:55:19.276--ServerSession(943081537)--Thread(Thread[main,5,main])--The alias name for the entity class [class ucab.dsw.entidades.Participacion] is being defaulted to: Participacion.
[EL Config]: metadata: 2020-12-08 12:55:19.276--ServerSession(943081537)--Thread(Thread[main,5,main])--The alias name for the entity class [class ucab.dsw.entidades.Marca_Tipo] is being defaulted to: Marca_Tipo.
[EL Config]: metadata: 2020-12-08 12:55:19.276--ServerSession(943081537)--Thread(Thread[main,5,main])--The alias name for the entity class [class ucab.dsw.entidades.Hijo] is being defaulted to: Hijo.
[EL Config]: metadata: 2020-12-08 12:55:19.276--ServerSession(943081537)--Thread(Thread[main,5,main])--The alias name for the entity class [class ucab.dsw.entidades.Ocupacion_Encuestado] is being defaulted to: Ocupacion_Encuestado.
[EL Config]: metadata: 2020-12-08 12:55:19.276--ServerSession(943081537)--Thread(Thread[main,5,main])--The alias name for the entity class [class ucab.dsw.entidades.Metodo_Conexion_Encuestado] is being defaulted to: Metodo_Conexion_Encuestado.
[EL Config]: metadata: 2020-12-08 12:55:19.307--ServerSession(943081537)--Thread(Thread[main,5,main])--The primary key column name for the mapping element [field _subcategoria] is being defaulted to: id.
[EL Config]: metadata: 2020-12-08 12:55:19.307--ServerSession(943081537)--Thread(Thread[main,5,main])--The primary key column name for the mapping element [field _cliente] is being defaulted to: id.
[EL Config]: metadata: 2020-12-08 12:55:19.307--ServerSession(943081537)--Thread(Thread[main,5,main])--The primary key column name for the mapping element [field _usuario] is being defaulted to: id.
[EL Config]: metadata: 2020-12-08 12:55:19.307--ServerSession(943081537)--Thread(Thread[main,5,main])--The primary key column name for the mapping element [field _usuario2] is being defaulted to: id.
[EL Config]: metadata: 2020-12-08 12:55:19.307--ServerSession(943081537)--Thread(Thread[main,5,main])--The primary key column name for the mapping element [field _encuesta_solicitud] is being defaulted to: id.
[EL Config]: metadata: 2020-12-08 12:55:19.307--ServerSession(943081537)--Thread(Thread[main,5,main])--The primary key column name for the mapping element [field _marca_solicitud] is being defaulted to: id.
[EL Config]: metadata: 2020-12-08 12:55:19.307--ServerSession(943081537)--Thread(Thread[main,5,main])--The primary key column name for the mapping element [field _caracteristicademografica] is being defaulted to: id.
[EL Config]: metadata: 2020-12-08 12:55:19.307--ServerSession(943081537)--Thread(Thread[main,5,main])--The primary key column name for the mapping element [field _usuario_cliente] is being defaulted to: id.
[EL Config]: metadata: 2020-12-08 12:55:19.307--ServerSession(943081537)--Thread(Thread[main,5,main])--The primary key column name for the mapping element [field _estado] is being defaulted to: id.
[EL Config]: metadata: 2020-12-08 12:55:19.307--ServerSession(943081537)--Thread(Thread[main,5,main])--The primary key column name for the mapping element [field _usuario_encuestado] is being defaulted to: id.
[EL Config]: metadata: 2020-12-08 12:55:19.307--ServerSession(943081537)--Thread(Thread[main,5,main])--The primary key column name for the mapping element [field _Parroquia_encuestado] is being defaulted to: id.
[EL Config]: metadata: 2020-12-08 12:55:19.307--ServerSession(943081537)--Thread(Thread[main,5,main])--The primary key column name for the mapping element [field _nivel_academico_encuestado] is being defaulted to: id.
[EL Config]: metadata: 2020-12-08 12:55:19.307--ServerSession(943081537)--Thread(Thread[main,5,main])--The primary key column name for the mapping element [field _encuesta_Pregunta] is being defaulted to: id.
[EL Config]: metadata: 2020-12-08 12:55:19.307--ServerSession(943081537)--Thread(Thread[main,5,main])--The primary key column name for the mapping element [field _pregunta_Encuesta] is being defaulted to: id.
[EL Config]: metadata: 2020-12-08 12:55:19.307--ServerSession(943081537)--Thread(Thread[main,5,main])--The primary key column name for the mapping element [field _participacion] is being defaulted to: id.
[EL Config]: metadata: 2020-12-08 12:55:19.307--ServerSession(943081537)--Thread(Thread[main,5,main])--The primary key column name for the mapping element [field _preguntaencuesta] is being defaulted to: id.
[EL Config]: metadata: 2020-12-08 12:55:19.307--ServerSession(943081537)--Thread(Thread[main,5,main])--The primary key column name for the mapping element [field _opcionsimplemultiple_pregunta] is being defaulted to: id.
[EL Config]: metadata: 2020-12-08 12:55:19.307--ServerSession(943081537)--Thread(Thread[main,5,main])--The primary key column name for the mapping element [field _respuesta] is being defaulted to: id.
[EL Config]: metadata: 2020-12-08 12:55:19.307--ServerSession(943081537)--Thread(Thread[main,5,main])--The primary key column name for the mapping element [field _pais] is being defaulted to: id.
[EL Config]: metadata: 2020-12-08 12:55:19.307--ServerSession(943081537)--Thread(Thread[main,5,main])--The primary key column name for the mapping element [field _encuestado_telefono] is being defaulted to: id.
[EL Config]: metadata: 2020-12-08 12:55:19.307--ServerSession(943081537)--Thread(Thread[main,5,main])--The primary key column name for the mapping element [field _categoria] is being defaulted to: id.
[EL Config]: metadata: 2020-12-08 12:55:19.322--ServerSession(943081537)--Thread(Thread[main,5,main])--The primary key column name for the mapping element [field _Parroquia_demografia] is being defaulted to: id.
[EL Config]: metadata: 2020-12-08 12:55:19.322--ServerSession(943081537)--Thread(Thread[main,5,main])--The primary key column name for the mapping element [field _nivel_academico_demografia] is being defaulted to: id.
[EL Config]: metadata: 2020-12-08 12:55:19.322--ServerSession(943081537)--Thread(Thread[main,5,main])--The primary key column name for the mapping element [field _ciudad] is being defaulted to: id.
[EL Config]: metadata: 2020-12-08 12:55:19.322--ServerSession(943081537)--Thread(Thread[main,5,main])--The primary key column name for the mapping element [field _marca_encuesta] is being defaulted to: id.
[EL Config]: metadata: 2020-12-08 12:55:19.322--ServerSession(943081537)--Thread(Thread[main,5,main])--The primary key column name for the mapping element [field _pregunta] is being defaulted to: id.
[EL Config]: metadata: 2020-12-08 12:55:19.322--ServerSession(943081537)--Thread(Thread[main,5,main])--The primary key column name for the mapping element [field _opcionsimplemultiple] is being defaulted to: id.
[EL Config]: metadata: 2020-12-08 12:55:19.322--ServerSession(943081537)--Thread(Thread[main,5,main])--The primary key column name for the mapping element [field _tipo_Presentacion] is being defaulted to: id.
[EL Config]: metadata: 2020-12-08 12:55:19.322--ServerSession(943081537)--Thread(Thread[main,5,main])--The primary key column name for the mapping element [field _encuestado] is being defaulted to: id.
[EL Config]: metadata: 2020-12-08 12:55:19.322--ServerSession(943081537)--Thread(Thread[main,5,main])--The primary key column name for the mapping element [field _solicitudestudio] is being defaulted to: id.
[EL Config]: metadata: 2020-12-08 12:55:19.322--ServerSession(943081537)--Thread(Thread[main,5,main])--The primary key column name for the mapping element [field _tipo] is being defaulted to: id.
[EL Config]: metadata: 2020-12-08 12:55:19.322--ServerSession(943081537)--Thread(Thread[main,5,main])--The primary key column name for the mapping element [field _marca] is being defaulted to: id.
[EL Config]: metadata: 2020-12-08 12:55:19.322--ServerSession(943081537)--Thread(Thread[main,5,main])--The primary key column name for the mapping element [field _encuestado_hijo] is being defaulted to: id.
[EL Config]: metadata: 2020-12-08 12:55:19.322--ServerSession(943081537)--Thread(Thread[main,5,main])--The primary key column name for the mapping element [field _ocupacion] is being defaulted to: id.
[EL Config]: metadata: 2020-12-08 12:55:19.322--ServerSession(943081537)--Thread(Thread[main,5,main])--The primary key column name for the mapping element [field _encuestado_ocupacion] is being defaulted to: id.
[EL Config]: metadata: 2020-12-08 12:55:19.322--ServerSession(943081537)--Thread(Thread[main,5,main])--The primary key column name for the mapping element [field _encuestado_metodo_conexion] is being defaulted to: id.
[EL Config]: metadata: 2020-12-08 12:55:19.322--ServerSession(943081537)--Thread(Thread[main,5,main])--The primary key column name for the mapping element [field _metodo_conexion] is being defaulted to: id.
[EL Info]: 2020-12-08 12:55:21.051--ServerSession(943081537)--Thread(Thread[main,5,main])--EclipseLink, version: Eclipse Persistence Services - 2.6.4.v20160829-44060b6
[EL Severe]: ejb: 2020-12-08 12:55:22.769--ServerSession(943081537)--Thread(Thread[main,5,main])--Exception [EclipseLink-4002] (Eclipse Persistence Services - 2.6.4.v20160829-44060b6): org.eclipse.persistence.exceptions.DatabaseException
Internal Exception: java.sql.SQLException: Access denied for user &apos;root&apos;@&apos;localhost&apos; (using password: YES)
Error Code: 1045
</system-out>
  </testcase>
</testsuite>