<?xml version="1.0" encoding="UTF-8" ?>
<testsuite tests="6" failures="0" name="metodos_admin_Test" time="0.586" errors="1" skipped="0">
  <properties>
[...]
</properties>
  <testcase classname="metodos_admin_Test" name="find_no_asignadosTest" time="0.401"/>
  <testcase classname="metodos_admin_Test" name="find_asignadosTest" time="0.046">
    <error type="java.lang.NullPointerException">java.lang.NullPointerException
	at ucab.dsw.servicio.metodos_admin.consultaEstudios_asignados(metodos_admin.java:47)
	at metodos_admin_Test.find_asignadosTest(metodos_admin_Test.java:19)
	at sun.reflect.NativeMethodAccessorImpl.invoke0(Native Method)
	at sun.reflect.NativeMethodAccessorImpl.invoke(NativeMethodAccessorImpl.java:62)
	at sun.reflect.DelegatingMethodAccessorImpl.invoke(DelegatingMethodAccessorImpl.java:43)
	at java.lang.reflect.Method.invoke(Method.java:498)
	at org.junit.runners.model.FrameworkMethod$1.runReflectiveCall(FrameworkMethod.java:59)
	at org.junit.internal.runners.model.ReflectiveCallable.run(ReflectiveCallable.java:12)
	at org.junit.runners.model.FrameworkMethod.invokeExplosively(FrameworkMethod.java:56)
	at org.junit.internal.runners.statements.InvokeMethod.evaluate(InvokeMethod.java:17)
	at org.junit.runners.ParentRunner$3.evaluate(ParentRunner.java:305)
	at org.junit.runners.BlockJUnit4ClassRunner$1.evaluate(BlockJUnit4ClassRunner.java:100)
	at org.junit.runners.ParentRunner.runLeaf(ParentRunner.java:365)
	at org.junit.runners.BlockJUnit4ClassRunner.runChild(BlockJUnit4ClassRunner.java:103)
	at org.junit.runners.BlockJUnit4ClassRunner.runChild(BlockJUnit4ClassRunner.java:63)
	at org.junit.runners.ParentRunner$4.run(ParentRunner.java:330)
	at org.junit.runners.ParentRunner$1.schedule(ParentRunner.java:78)
	at org.junit.runners.ParentRunner.runChildren(ParentRunner.java:328)
	at org.junit.runners.ParentRunner.access$100(ParentRunner.java:65)
	at org.junit.runners.ParentRunner$2.evaluate(ParentRunner.java:292)
	at org.junit.runners.ParentRunner$3.evaluate(ParentRunner.java:305)
	at org.junit.runners.ParentRunner.run(ParentRunner.java:412)
	at org.apache.maven.surefire.junit4.JUnit4Provider.execute(JUnit4Provider.java:252)
	at org.apache.maven.surefire.junit4.JUnit4Provider.executeTestSet(JUnit4Provider.java:141)
	at org.apache.maven.surefire.junit4.JUnit4Provider.invoke(JUnit4Provider.java:112)
	at sun.reflect.NativeMethodAccessorImpl.invoke0(Native Method)
	at sun.reflect.NativeMethodAccessorImpl.invoke(NativeMethodAccessorImpl.java:62)
	at sun.reflect.DelegatingMethodAccessorImpl.invoke(DelegatingMethodAccessorImpl.java:43)
	at java.lang.reflect.Method.invoke(Method.java:498)
	at org.apache.maven.surefire.util.ReflectionUtils.invokeMethodWithArray(ReflectionUtils.java:189)
	at org.apache.maven.surefire.booter.ProviderFactory$ProviderProxy.invoke(ProviderFactory.java:165)
	at org.apache.maven.surefire.booter.ProviderFactory.invokeProvider(ProviderFactory.java:85)
	at org.apache.maven.surefire.booter.ForkedBooter.runSuitesInProcess(ForkedBooter.java:115)
	at org.apache.maven.surefire.booter.ForkedBooter.main(ForkedBooter.java:75)
</error>
    <system-out>[EL Fine]: sql: 2020-12-04 17:08:29.678--ServerSession(2038148563)--Connection(661047965)--Thread(Thread[main,5,main])--SELECT id, estado, fecha_final, fecha_inicio, modo_encuesta, resultado_analista, Caracteristica_demografica_id, Cliente_id, Encuesta_id, marca_id, Usuario_analista_id, Usuario_admin_id FROM Solicitud_Estudio
Id: 1
Marca: Rexona
Categoria: Cuidado Personal
Subcategoria: Desodorante
Id: 2
Marca: Las llaves
Categoria: Limpieza
Subcategoria: Jabon
Id: 3
Marca: Coca-cola
Categoria: Bebida Gaseosa
Subcategoria: Refresco
Id: 4
Marca: Harina PAN
</system-out>
  </testcase>
  <testcase classname="metodos_admin_Test" name="EliminarEstudioTest" time="0"/>
  <testcase classname="metodos_admin_Test" name="addPreguntaTest" time="0.075"/>
  <testcase classname="metodos_admin_Test" name="addEncuestaTest" time="0.064"/>
  <testcase classname="metodos_admin_Test" name="asignarEncuestaTest" time="0"/>
</testsuite>